  main.cpp
c:\mario\main.cpp(122): warning C4244: 'argument': conversion from 'double' to 'int', possible loss of data
c:\mario\main.cpp(146): warning C4244: 'argument': conversion from 'double' to 'int', possible loss of data
c:\mario\main.cpp(154): warning C4244: 'argument': conversion from 'double' to 'int', possible loss of data
c:\mario\main.cpp(169): warning C4244: '=': conversion from 'double' to 'int', possible loss of data
c:\mario\main.cpp(177): warning C4244: '=': conversion from 'double' to 'int', possible loss of data
c:\mario\main.cpp(178): warning C4244: '=': conversion from 'double' to 'int', possible loss of data
c:\mario\main.cpp(225): warning C4244: '=': conversion from 'double' to 'int', possible loss of data
c:\mario\main.cpp(231): warning C4244: '=': conversion from 'double' to 'int', possible loss of data
c:\mario\main.cpp(198): warning C4996: 'sprintf': This function or variable may be unsafe. Consider using sprintf_s instead. To disable deprecation, use _CRT_SECURE_NO_WARNINGS. See online help for details.
  c:\program files (x86)\windows kits\10\include\10.0.10240.0\ucrt\stdio.h(1769): note: see declaration of 'sprintf'
c:\mario\main.cpp(200): warning C4996: 'sprintf': This function or variable may be unsafe. Consider using sprintf_s instead. To disable deprecation, use _CRT_SECURE_NO_WARNINGS. See online help for details.
  c:\program files (x86)\windows kits\10\include\10.0.10240.0\ucrt\stdio.h(1769): note: see declaration of 'sprintf'
c:\mario\main.cpp(10): warning C4101: 'fps': unreferenced local variable
  Generating Code...
  Compiling...
  funkcje.cpp
c:\mario\funkcje.cpp(148): warning C4244: 'initializing': conversion from 'double' to 'int', possible loss of data
c:\mario\funkcje.cpp(149): warning C4244: 'initializing': conversion from 'double' to 'int', possible loss of data
c:\mario\funkcje.cpp(150): warning C4244: 'initializing': conversion from 'double' to 'int', possible loss of data
c:\mario\funkcje.cpp(151): warning C4996: 'fopen': This function or variable may be unsafe. Consider using fopen_s instead. To disable deprecation, use _CRT_SECURE_NO_WARNINGS. See online help for details.
  c:\program files (x86)\windows kits\10\include\10.0.10240.0\ucrt\stdio.h(205): note: see declaration of 'fopen'
c:\mario\funkcje.cpp(160): warning C4996: 'fopen': This function or variable may be unsafe. Consider using fopen_s instead. To disable deprecation, use _CRT_SECURE_NO_WARNINGS. See online help for details.
  c:\program files (x86)\windows kits\10\include\10.0.10240.0\ucrt\stdio.h(205): note: see declaration of 'fopen'
c:\mario\funkcje.cpp(161): warning C4996: 'fscanf': This function or variable may be unsafe. Consider using fscanf_s instead. To disable deprecation, use _CRT_SECURE_NO_WARNINGS. See online help for details.
  c:\program files (x86)\windows kits\10\include\10.0.10240.0\ucrt\stdio.h(1193): note: see declaration of 'fscanf'
  Generating Code...
  projekt2vs15.vcxproj -> C:\Mario\Debug\projekt2vs15.exe
  projekt2vs15.vcxproj -> C:\Mario\Debug\projekt2vs15.pdb (Full PDB)
  C:\Mario\sdl\winlib15\concrt140.dll
  C:\Mario\sdl\winlib15\SDL2.dll
  C:\Mario\sdl\winlib15\vccorlib140.dll
  C:\Mario\sdl\winlib15\vcruntime140.dll
          4 file(s) copied.
  C:\Mario\cs8x8.bmp
  C:\Mario\eti.bmp
  C:\Mario\kamien.bmp
  C:\Mario\krzew.bmp
  C:\Mario\mario2.bmp
  C:\Mario\platforma.bmp
  C:\Mario\podloze.bmp
  C:\Mario\wieza.bmp
          8 file(s) copied.
